Namespace(ape=False, batch_size=32, dataset='modelnet40', deg=False, delta=True, dimkqv=32, dropout=0.5, emb_dims=1024, epochs=250, eval=False, exp_name='NLA6_S', k=20, lr=0.001, model='TransformerBaseline', model_path='', momentum=0.9, neighbors=False, no_cuda=False, num_points=1024, rpe=False, scale=False, seed=1, start_epoch=0, test_batch_size=16, use_sgd=True, visualize=False)
Using GPU : 0 from 1 devices
Namespace(ape=False, batch_size=32, dataset='modelnet40', deg=False, delta=True, dimkqv=32, dropout=0.5, emb_dims=1024, epochs=250, eval=False, exp_name='NLA6_S', k=20, lr=0.001, model='TransformerBaseline', model_path='', momentum=0.9, neighbors=False, no_cuda=False, num_points=1024, rpe=False, scale=False, seed=1, start_epoch=0, test_batch_size=16, use_sgd=True, visualize=False)
Using GPU : 0 from 1 devices
Namespace(ape=False, batch_size=32, dataset='modelnet40', deg=False, delta=True, dimkqv=32, dropout=0.5, emb_dims=1024, epochs=250, eval=False, exp_name='NLA6_S', k=20, lr=0.001, model='TransformerBaseline', model_path='', momentum=0.9, neighbors=False, no_cuda=False, num_points=1024, rpe=False, scale=False, seed=1, start_epoch=0, test_batch_size=16, use_sgd=True, visualize=False)
Using GPU : 0 from 1 devices
Namespace(ape=False, batch_size=32, dataset='modelnet40', deg=False, delta=True, dimkqv=32, dropout=0.5, emb_dims=1024, epochs=250, eval=False, exp_name='NLA6_S', k=20, lr=0.001, model='TransformerBaseline', model_path='', momentum=0.9, neighbors=False, no_cuda=False, num_points=1024, rpe=False, scale=False, seed=1, start_epoch=0, test_batch_size=16, use_sgd=True, visualize=False)
Using GPU : 0 from 1 devices
Namespace(ape=False, batch_size=32, dataset='modelnet40', deg=False, delta=True, dimkqv=32, dropout=0.5, emb_dims=1024, epochs=250, eval=False, exp_name='NLA6_S', k=20, lr=0.001, model='TransformerBaseline', model_path='', momentum=0.9, neighbors=False, no_cuda=False, num_points=1024, rpe=False, scale=False, seed=1, start_epoch=0, test_batch_size=16, use_sgd=True, visualize=False)
Using GPU : 0 from 1 devices
Namespace(ape=False, batch_size=32, dataset='modelnet40', deg=False, delta=True, dimkqv=32, dropout=0.5, emb_dims=1024, epochs=250, eval=False, exp_name='NLA6_S', k=20, lr=0.001, model='TransformerBaseline', model_path='', momentum=0.9, neighbors=False, no_cuda=False, num_points=1024, rpe=False, scale=False, seed=1, start_epoch=0, test_batch_size=16, use_sgd=True, visualize=False)
Using GPU : 0 from 1 devices
Train 0, loss: 2.844979, train acc: 0.411890, train avg acc: 0.241091
Test 0, loss: 2.247442, test acc: 0.596434, test avg acc: 0.432378
Train 1, loss: 2.234881, train acc: 0.614837, train avg acc: 0.430025
Test 1, loss: 2.105897, test acc: 0.693679, test avg acc: 0.557081
Train 2, loss: 2.080366, train acc: 0.690244, train avg acc: 0.531205
Namespace(ape=False, batch_size=32, dataset='modelnet40', deg=False, delta=True, dimkqv=32, dropout=0.5, emb_dims=1024, epochs=250, eval=False, exp_name='NLA6_S', k=20, lr=0.001, model='TransformerBaseline', model_path='', momentum=0.9, neighbors=False, no_cuda=False, num_points=1024, rpe=False, scale=False, seed=1, start_epoch=0, test_batch_size=16, use_sgd=True, visualize=False)
Using GPU : 0 from 1 devices
Test 2, loss: 1.926565, test acc: 0.736629, test avg acc: 0.639140
Train 3, loss: 1.983239, train acc: 0.726524, train avg acc: 0.578136
Test 3, loss: 1.863016, test acc: 0.764182, test avg acc: 0.664500
Train 4, loss: 1.919556, train acc: 0.757419, train avg acc: 0.622174
Test 4, loss: 1.789989, test acc: 0.805105, test avg acc: 0.714076
Train 5, loss: 1.870620, train acc: 0.776931, train avg acc: 0.654110
Test 5, loss: 1.740576, test acc: 0.830227, test avg acc: 0.733878
Train 6, loss: 1.844397, train acc: 0.788211, train avg acc: 0.671769
Test 6, loss: 1.715893, test acc: 0.839951, test avg acc: 0.740436
Train 7, loss: 1.814450, train acc: 0.806098, train avg acc: 0.697667
Test 7, loss: 1.703161, test acc: 0.844814, test avg acc: 0.754355
Train 8, loss: 1.788312, train acc: 0.812805, train avg acc: 0.706486
Test 8, loss: 1.676574, test acc: 0.843193, test avg acc: 0.767047
Train 9, loss: 1.772665, train acc: 0.815955, train avg acc: 0.711143
Test 9, loss: 1.659444, test acc: 0.851297, test avg acc: 0.774535
Namespace(ape=False, batch_size=32, dataset='modelnet40', deg=False, delta=True, dimkqv=32, dropout=0.5, emb_dims=1024, epochs=250, eval=False, exp_name='NLA6_S', k=20, lr=0.001, model='TransformerBaseline', model_path='', momentum=0.9, neighbors=False, no_cuda=False, num_points=1024, rpe=False, scale=False, seed=1, start_epoch=0, test_batch_size=16, use_sgd=True, visualize=False)
Using GPU : 0 from 1 devices
Namespace(ape=False, batch_size=32, dataset='modelnet40', deg=False, delta=True, dimkqv=32, dropout=0.5, emb_dims=1024, epochs=250, eval=False, exp_name='NLA6_S', k=20, lr=0.001, model='TransformerBaseline', model_path='', momentum=0.9, neighbors=False, no_cuda=False, num_points=1024, rpe=False, scale=False, seed=1, start_epoch=0, test_batch_size=16, use_sgd=True, visualize=False)
Using GPU : 0 from 1 devices
Train 0, loss: 2.844040, train acc: 0.404878, train avg acc: 0.234788
Test 0, loss: 2.260985, test acc: 0.566045, test avg acc: 0.413157
Train 1, loss: 2.257094, train acc: 0.608537, train avg acc: 0.424088
Test 1, loss: 2.159594, test acc: 0.640194, test avg acc: 0.507907
Train 2, loss: 2.078542, train acc: 0.686992, train avg acc: 0.526262
Test 2, loss: 1.896827, test acc: 0.754457, test avg acc: 0.641273
Train 3, loss: 2.000445, train acc: 0.723984, train avg acc: 0.577179
Test 3, loss: 1.892999, test acc: 0.765397, test avg acc: 0.658593
Train 4, loss: 1.925817, train acc: 0.755488, train avg acc: 0.621186
Test 4, loss: 1.805288, test acc: 0.809562, test avg acc: 0.700872
Train 5, loss: 1.881860, train acc: 0.772663, train avg acc: 0.647762
Test 5, loss: 1.816204, test acc: 0.776337, test avg acc: 0.674599
Train 6, loss: 1.853325, train acc: 0.788720, train avg acc: 0.668710
Test 6, loss: 1.729012, test acc: 0.816856, test avg acc: 0.739407
Train 7, loss: 1.826199, train acc: 0.795020, train avg acc: 0.680661
Test 7, loss: 1.712108, test acc: 0.837520, test avg acc: 0.734453
Train 8, loss: 1.811100, train acc: 0.805285, train avg acc: 0.697984
Test 8, loss: 1.674416, test acc: 0.848460, test avg acc: 0.767198
Train 9, loss: 1.773112, train acc: 0.820528, train avg acc: 0.718094
Test 9, loss: 1.691994, test acc: 0.836710, test avg acc: 0.750483
Train 10, loss: 1.755116, train acc: 0.823171, train avg acc: 0.725793
Test 10, loss: 1.642184, test acc: 0.851702, test avg acc: 0.767349
Train 11, loss: 1.742594, train acc: 0.832012, train avg acc: 0.733270
Test 11, loss: 1.696525, test acc: 0.848865, test avg acc: 0.769826
Train 12, loss: 1.728153, train acc: 0.839736, train avg acc: 0.747554
Test 12, loss: 1.646822, test acc: 0.863452, test avg acc: 0.787192
Train 13, loss: 1.711191, train acc: 0.847459, train avg acc: 0.762927
Test 13, loss: 1.623463, test acc: 0.870340, test avg acc: 0.810674
Train 14, loss: 1.704340, train acc: 0.849492, train avg acc: 0.765252
Test 14, loss: 1.633744, test acc: 0.868314, test avg acc: 0.786145
Train 15, loss: 1.693537, train acc: 0.854472, train avg acc: 0.775284
Test 15, loss: 1.647633, test acc: 0.869530, test avg acc: 0.786442
Train 16, loss: 1.691627, train acc: 0.853354, train avg acc: 0.771424
Test 16, loss: 1.633754, test acc: 0.869935, test avg acc: 0.812099
Train 17, loss: 1.691417, train acc: 0.856301, train avg acc: 0.776169
Test 17, loss: 1.609493, test acc: 0.878039, test avg acc: 0.806709
Train 18, loss: 1.667593, train acc: 0.866463, train avg acc: 0.791712
Test 18, loss: 1.630399, test acc: 0.870746, test avg acc: 0.805494
Train 19, loss: 1.670328, train acc: 0.864126, train avg acc: 0.788654
Test 19, loss: 1.619874, test acc: 0.863452, test avg acc: 0.800105
Train 20, loss: 1.654090, train acc: 0.870427, train avg acc: 0.797242
Test 20, loss: 1.570183, test acc: 0.880470, test avg acc: 0.809477
Train 21, loss: 1.652890, train acc: 0.867988, train avg acc: 0.796005
Test 21, loss: 1.621039, test acc: 0.870340, test avg acc: 0.791517
Train 22, loss: 1.640725, train acc: 0.876016, train avg acc: 0.806881
Test 22, loss: 1.610249, test acc: 0.878039, test avg acc: 0.816256
Train 23, loss: 1.637870, train acc: 0.875915, train avg acc: 0.808721
Test 23, loss: 1.551041, test acc: 0.905186, test avg acc: 0.849390
Train 24, loss: 1.631845, train acc: 0.881504, train avg acc: 0.819806
Test 24, loss: 1.571386, test acc: 0.886143, test avg acc: 0.837756
Train 25, loss: 1.625376, train acc: 0.881199, train avg acc: 0.819784
Test 25, loss: 1.597312, test acc: 0.881686, test avg acc: 0.820791
Train 26, loss: 1.620913, train acc: 0.880996, train avg acc: 0.815774
Test 26, loss: 1.593460, test acc: 0.873987, test avg acc: 0.815285
Train 27, loss: 1.618913, train acc: 0.884553, train avg acc: 0.822694
Test 27, loss: 1.551951, test acc: 0.897488, test avg acc: 0.815837
Train 28, loss: 1.605766, train acc: 0.887805, train avg acc: 0.826468
Test 28, loss: 1.537128, test acc: 0.897083, test avg acc: 0.832843
Train 29, loss: 1.606516, train acc: 0.891972, train avg acc: 0.827884
Test 29, loss: 1.546469, test acc: 0.891815, test avg acc: 0.824797
Train 30, loss: 1.604938, train acc: 0.892581, train avg acc: 0.834223
Test 30, loss: 1.567539, test acc: 0.887358, test avg acc: 0.838308
Train 31, loss: 1.598326, train acc: 0.892276, train avg acc: 0.833658
Test 31, loss: 1.565678, test acc: 0.878849, test avg acc: 0.826767
Train 32, loss: 1.591974, train acc: 0.895935, train avg acc: 0.839694
Test 32, loss: 1.620655, test acc: 0.852512, test avg acc: 0.810372
Train 33, loss: 1.585955, train acc: 0.897358, train avg acc: 0.839416
Test 33, loss: 1.544769, test acc: 0.893031, test avg acc: 0.830674
Train 34, loss: 1.588808, train acc: 0.897764, train avg acc: 0.842727
Test 34, loss: 1.574825, test acc: 0.889384, test avg acc: 0.838948
Train 35, loss: 1.592213, train acc: 0.893496, train avg acc: 0.836196
Test 35, loss: 1.538605, test acc: 0.894246, test avg acc: 0.839849
Train 36, loss: 1.586850, train acc: 0.898171, train avg acc: 0.846120
Test 36, loss: 1.531936, test acc: 0.896677, test avg acc: 0.841709
Train 37, loss: 1.578141, train acc: 0.902439, train avg acc: 0.850709
Test 37, loss: 1.533879, test acc: 0.905186, test avg acc: 0.836076
Train 38, loss: 1.582916, train acc: 0.896850, train avg acc: 0.844164
Test 38, loss: 1.559844, test acc: 0.888169, test avg acc: 0.824721
Train 39, loss: 1.576980, train acc: 0.901829, train avg acc: 0.849898
Test 39, loss: 1.538066, test acc: 0.892220, test avg acc: 0.833337
Train 40, loss: 1.573969, train acc: 0.900610, train avg acc: 0.850742
Test 40, loss: 1.545039, test acc: 0.889789, test avg acc: 0.830773
Train 41, loss: 1.560821, train acc: 0.903760, train avg acc: 0.850328
Test 41, loss: 1.533555, test acc: 0.892626, test avg acc: 0.847663
Train 42, loss: 1.567657, train acc: 0.906911, train avg acc: 0.857950
Test 42, loss: 1.527443, test acc: 0.898703, test avg acc: 0.867634
Train 43, loss: 1.558544, train acc: 0.909553, train avg acc: 0.858392
Test 43, loss: 1.536902, test acc: 0.897083, test avg acc: 0.836744
Train 44, loss: 1.560952, train acc: 0.906606, train avg acc: 0.856003
Test 44, loss: 1.574088, test acc: 0.897083, test avg acc: 0.838640
Train 45, loss: 1.560809, train acc: 0.908537, train avg acc: 0.860584
Test 45, loss: 1.515596, test acc: 0.908428, test avg acc: 0.867866
Train 46, loss: 1.544430, train acc: 0.913821, train avg acc: 0.868900
Test 46, loss: 1.528818, test acc: 0.895462, test avg acc: 0.842134
Train 47, loss: 1.554247, train acc: 0.909451, train avg acc: 0.863758
Test 47, loss: 1.564134, test acc: 0.884522, test avg acc: 0.835122
Train 48, loss: 1.557833, train acc: 0.909045, train avg acc: 0.861276
Test 48, loss: 1.516413, test acc: 0.903971, test avg acc: 0.853535
Train 49, loss: 1.543134, train acc: 0.916260, train avg acc: 0.870481
Test 49, loss: 1.561248, test acc: 0.886953, test avg acc: 0.843233
Train 50, loss: 1.546828, train acc: 0.911077, train avg acc: 0.864901
Test 50, loss: 1.534342, test acc: 0.893031, test avg acc: 0.840849
Train 51, loss: 1.544627, train acc: 0.910976, train avg acc: 0.868114
Test 51, loss: 1.557287, test acc: 0.880065, test avg acc: 0.831436
Train 52, loss: 1.543092, train acc: 0.911890, train avg acc: 0.864532
Test 52, loss: 1.537437, test acc: 0.894652, test avg acc: 0.839000
Train 53, loss: 1.535664, train acc: 0.919614, train avg acc: 0.877413
Test 53, loss: 1.534844, test acc: 0.899514, test avg acc: 0.857692
Train 54, loss: 1.535329, train acc: 0.917886, train avg acc: 0.874557
Test 54, loss: 1.561877, test acc: 0.882496, test avg acc: 0.852709
Train 55, loss: 1.541510, train acc: 0.916260, train avg acc: 0.869807
Test 55, loss: 1.538987, test acc: 0.888574, test avg acc: 0.846616
Train 56, loss: 1.531065, train acc: 0.920122, train avg acc: 0.879291
Test 56, loss: 1.519797, test acc: 0.902350, test avg acc: 0.862180
Train 57, loss: 1.534944, train acc: 0.918598, train avg acc: 0.876973
Test 57, loss: 1.530859, test acc: 0.895867, test avg acc: 0.853058
Train 58, loss: 1.532839, train acc: 0.918902, train avg acc: 0.877441
Test 58, loss: 1.513223, test acc: 0.903566, test avg acc: 0.857128
Train 59, loss: 1.524222, train acc: 0.920325, train avg acc: 0.882579
Test 59, loss: 1.529241, test acc: 0.893841, test avg acc: 0.841767
Train 60, loss: 1.524045, train acc: 0.923069, train avg acc: 0.881754
Test 60, loss: 1.524361, test acc: 0.902755, test avg acc: 0.857640
Train 61, loss: 1.525028, train acc: 0.923171, train avg acc: 0.883623
Test 61, loss: 1.566234, test acc: 0.890194, test avg acc: 0.814395
Train 62, loss: 1.523518, train acc: 0.923882, train avg acc: 0.888510
Test 62, loss: 1.538241, test acc: 0.889789, test avg acc: 0.850052
Train 63, loss: 1.518853, train acc: 0.923476, train avg acc: 0.882660
Test 63, loss: 1.495664, test acc: 0.908023, test avg acc: 0.862547
Train 64, loss: 1.515042, train acc: 0.923272, train avg acc: 0.884578
Test 64, loss: 1.535576, test acc: 0.896272, test avg acc: 0.840407
Train 65, loss: 1.516652, train acc: 0.923984, train avg acc: 0.883841
Test 65, loss: 1.512030, test acc: 0.912075, test avg acc: 0.878052
Train 66, loss: 1.510811, train acc: 0.926931, train avg acc: 0.889318
Test 66, loss: 1.505782, test acc: 0.907618, test avg acc: 0.868140
Train 67, loss: 1.511839, train acc: 0.926423, train avg acc: 0.889365
Test 67, loss: 1.509456, test acc: 0.900324, test avg acc: 0.861442
Train 68, loss: 1.507129, train acc: 0.929370, train avg acc: 0.889336
Test 68, loss: 1.499346, test acc: 0.903566, test avg acc: 0.853878
Train 69, loss: 1.512408, train acc: 0.927642, train avg acc: 0.891995
Test 69, loss: 1.525236, test acc: 0.904781, test avg acc: 0.867634
Train 70, loss: 1.505089, train acc: 0.933232, train avg acc: 0.898626
Test 70, loss: 1.536545, test acc: 0.908023, test avg acc: 0.838000
Train 71, loss: 1.504647, train acc: 0.929878, train avg acc: 0.894831
Test 71, loss: 1.491731, test acc: 0.906807, test avg acc: 0.860959
Train 72, loss: 1.500175, train acc: 0.933333, train avg acc: 0.895385
Test 72, loss: 1.525568, test acc: 0.898703, test avg acc: 0.846587
Train 73, loss: 1.495766, train acc: 0.933638, train avg acc: 0.898935
Test 73, loss: 1.482181, test acc: 0.904781, test avg acc: 0.850453
Train 74, loss: 1.494065, train acc: 0.935671, train avg acc: 0.902217
Test 74, loss: 1.544403, test acc: 0.898298, test avg acc: 0.872285
Train 75, loss: 1.491280, train acc: 0.936382, train avg acc: 0.903721
Test 75, loss: 1.493768, test acc: 0.914100, test avg acc: 0.869302
Train 76, loss: 1.486540, train acc: 0.937500, train avg acc: 0.905336
Test 76, loss: 1.554419, test acc: 0.891815, test avg acc: 0.865948
Train 77, loss: 1.498634, train acc: 0.932419, train avg acc: 0.897913
Test 77, loss: 1.531473, test acc: 0.901135, test avg acc: 0.863302
Train 78, loss: 1.488964, train acc: 0.937093, train avg acc: 0.906552
Test 78, loss: 1.493964, test acc: 0.910859, test avg acc: 0.862035
Train 79, loss: 1.491757, train acc: 0.933028, train avg acc: 0.897792
Test 79, loss: 1.552580, test acc: 0.892220, test avg acc: 0.852000
Train 80, loss: 1.494111, train acc: 0.933740, train avg acc: 0.899837
Test 80, loss: 1.599144, test acc: 0.888169, test avg acc: 0.851343
Train 81, loss: 1.493632, train acc: 0.933740, train avg acc: 0.898353
Test 81, loss: 1.521083, test acc: 0.911264, test avg acc: 0.868297
Train 82, loss: 1.482396, train acc: 0.938923, train avg acc: 0.906246
Test 82, loss: 1.487274, test acc: 0.919773, test avg acc: 0.865448
Train 83, loss: 1.480380, train acc: 0.939228, train avg acc: 0.907363
Test 83, loss: 1.566067, test acc: 0.887763, test avg acc: 0.857151
Train 84, loss: 1.480859, train acc: 0.936992, train avg acc: 0.902829
Test 84, loss: 1.486006, test acc: 0.917342, test avg acc: 0.862331
Train 85, loss: 1.478218, train acc: 0.940346, train avg acc: 0.908203
Test 85, loss: 1.498705, test acc: 0.898703, test avg acc: 0.852924
Train 86, loss: 1.477865, train acc: 0.941362, train avg acc: 0.910077
Test 86, loss: 1.479206, test acc: 0.914506, test avg acc: 0.860576
Train 87, loss: 1.479128, train acc: 0.940447, train avg acc: 0.909132
Test 87, loss: 1.485189, test acc: 0.906402, test avg acc: 0.854174
Train 88, loss: 1.471106, train acc: 0.945020, train avg acc: 0.915764
Test 88, loss: 1.510642, test acc: 0.899514, test avg acc: 0.872849
Train 89, loss: 1.477668, train acc: 0.941260, train avg acc: 0.910757
Test 89, loss: 1.501321, test acc: 0.904781, test avg acc: 0.869076
Train 90, loss: 1.476124, train acc: 0.940650, train avg acc: 0.911585
Test 90, loss: 1.492476, test acc: 0.903566, test avg acc: 0.863203
Train 91, loss: 1.472058, train acc: 0.943293, train avg acc: 0.912981
Test 91, loss: 1.526047, test acc: 0.886953, test avg acc: 0.846965
Train 92, loss: 1.473202, train acc: 0.943902, train avg acc: 0.916158
Test 92, loss: 1.495388, test acc: 0.907618, test avg acc: 0.874331
Train 93, loss: 1.470727, train acc: 0.941768, train avg acc: 0.912609
Test 93, loss: 1.508218, test acc: 0.902755, test avg acc: 0.854227
Train 94, loss: 1.468258, train acc: 0.944106, train avg acc: 0.914875
Test 94, loss: 1.490648, test acc: 0.907618, test avg acc: 0.861512
Train 95, loss: 1.464055, train acc: 0.946037, train avg acc: 0.920368
Test 95, loss: 1.487332, test acc: 0.905592, test avg acc: 0.858628
Train 96, loss: 1.466933, train acc: 0.944004, train avg acc: 0.914734
Test 96, loss: 1.485568, test acc: 0.912885, test avg acc: 0.862651
Train 97, loss: 1.457159, train acc: 0.949797, train avg acc: 0.922136
Test 97, loss: 1.471121, test acc: 0.913695, test avg acc: 0.872622
Train 98, loss: 1.455709, train acc: 0.949593, train avg acc: 0.922712
Test 98, loss: 1.515481, test acc: 0.921799, test avg acc: 0.889744
Train 99, loss: 1.458095, train acc: 0.949390, train avg acc: 0.924144
Test 99, loss: 1.493982, test acc: 0.905592, test avg acc: 0.881215
Train 100, loss: 1.458456, train acc: 0.948374, train avg acc: 0.921283
Test 100, loss: 1.494858, test acc: 0.908833, test avg acc: 0.862686
Train 101, loss: 1.452691, train acc: 0.948882, train avg acc: 0.919904
Test 101, loss: 1.475720, test acc: 0.915721, test avg acc: 0.878785
Train 102, loss: 1.453149, train acc: 0.948069, train avg acc: 0.923734
Test 102, loss: 1.497487, test acc: 0.908023, test avg acc: 0.868703
Train 103, loss: 1.447634, train acc: 0.951931, train avg acc: 0.928669
Test 103, loss: 1.491062, test acc: 0.912075, test avg acc: 0.882994
Train 104, loss: 1.448380, train acc: 0.952744, train avg acc: 0.928989
Test 104, loss: 1.524852, test acc: 0.896272, test avg acc: 0.876785
Train 105, loss: 1.447430, train acc: 0.950813, train avg acc: 0.924719
Test 105, loss: 1.491921, test acc: 0.899919, test avg acc: 0.879209
Train 106, loss: 1.446891, train acc: 0.952642, train avg acc: 0.928351
Test 106, loss: 1.525351, test acc: 0.896677, test avg acc: 0.877663
Train 107, loss: 1.442020, train acc: 0.954878, train avg acc: 0.931860
Test 107, loss: 1.480434, test acc: 0.904781, test avg acc: 0.858791
Train 108, loss: 1.449252, train acc: 0.950508, train avg acc: 0.923692
Test 108, loss: 1.479797, test acc: 0.916532, test avg acc: 0.875616
Train 109, loss: 1.440811, train acc: 0.954268, train avg acc: 0.928327
Test 109, loss: 1.474945, test acc: 0.911264, test avg acc: 0.882826
Train 110, loss: 1.442740, train acc: 0.955996, train avg acc: 0.933667
Test 110, loss: 1.511281, test acc: 0.899109, test avg acc: 0.872453
Train 111, loss: 1.441397, train acc: 0.956606, train avg acc: 0.935301
Test 111, loss: 1.493174, test acc: 0.909238, test avg acc: 0.873994
Train 112, loss: 1.432257, train acc: 0.958841, train avg acc: 0.937659
Test 112, loss: 1.490499, test acc: 0.912480, test avg acc: 0.877814
Train 113, loss: 1.437348, train acc: 0.955183, train avg acc: 0.931911
Test 113, loss: 1.480255, test acc: 0.916937, test avg acc: 0.882250
Train 114, loss: 1.435588, train acc: 0.957825, train avg acc: 0.934540
Test 114, loss: 1.460422, test acc: 0.918963, test avg acc: 0.878203
Train 115, loss: 1.436404, train acc: 0.957215, train avg acc: 0.934134
Test 115, loss: 1.485151, test acc: 0.913290, test avg acc: 0.877459
Train 116, loss: 1.433182, train acc: 0.955996, train avg acc: 0.934098
Test 116, loss: 1.466806, test acc: 0.921799, test avg acc: 0.884581
Train 117, loss: 1.427714, train acc: 0.958841, train avg acc: 0.939360
Test 117, loss: 1.482014, test acc: 0.912075, test avg acc: 0.872372
Train 118, loss: 1.426950, train acc: 0.959248, train avg acc: 0.940546
Test 118, loss: 1.517176, test acc: 0.895057, test avg acc: 0.862640
Train 119, loss: 1.428136, train acc: 0.957520, train avg acc: 0.934947
Test 119, loss: 1.512185, test acc: 0.900324, test avg acc: 0.868605
Train 120, loss: 1.431537, train acc: 0.957927, train avg acc: 0.937303
Test 120, loss: 1.475930, test acc: 0.913290, test avg acc: 0.881535
Train 121, loss: 1.422593, train acc: 0.962602, train avg acc: 0.942856
Test 121, loss: 1.471514, test acc: 0.920178, test avg acc: 0.878657
Train 122, loss: 1.416993, train acc: 0.964533, train avg acc: 0.946417
Test 122, loss: 1.454859, test acc: 0.924635, test avg acc: 0.889535
Train 123, loss: 1.426712, train acc: 0.958740, train avg acc: 0.936775
Test 123, loss: 1.474388, test acc: 0.916532, test avg acc: 0.873174
Train 124, loss: 1.419012, train acc: 0.963618, train avg acc: 0.945455
Test 124, loss: 1.480760, test acc: 0.910049, test avg acc: 0.869808
Train 125, loss: 1.418181, train acc: 0.964736, train avg acc: 0.948102
Test 125, loss: 1.502353, test acc: 0.903971, test avg acc: 0.876709
Train 126, loss: 1.413145, train acc: 0.963618, train avg acc: 0.945054
Test 126, loss: 1.491155, test acc: 0.911669, test avg acc: 0.865419
Train 127, loss: 1.416157, train acc: 0.964533, train avg acc: 0.944174
Test 127, loss: 1.478999, test acc: 0.915316, test avg acc: 0.877890
Train 128, loss: 1.414154, train acc: 0.965854, train avg acc: 0.946961
Test 128, loss: 1.489476, test acc: 0.908023, test avg acc: 0.870360
Train 129, loss: 1.405612, train acc: 0.968293, train avg acc: 0.950257
Test 129, loss: 1.464619, test acc: 0.914506, test avg acc: 0.879465
Train 130, loss: 1.404445, train acc: 0.969919, train avg acc: 0.954275
Test 130, loss: 1.478290, test acc: 0.918558, test avg acc: 0.882988
Train 131, loss: 1.403199, train acc: 0.971138, train avg acc: 0.957361
Test 131, loss: 1.486356, test acc: 0.919368, test avg acc: 0.876291
Train 132, loss: 1.403807, train acc: 0.969512, train avg acc: 0.954445
Test 132, loss: 1.499578, test acc: 0.906402, test avg acc: 0.865221
Train 133, loss: 1.400266, train acc: 0.971037, train avg acc: 0.955948
Test 133, loss: 1.466104, test acc: 0.911264, test avg acc: 0.879384
Train 134, loss: 1.404942, train acc: 0.967480, train avg acc: 0.951672
Test 134, loss: 1.457845, test acc: 0.920583, test avg acc: 0.880622
Train 135, loss: 1.398908, train acc: 0.971240, train avg acc: 0.955016
Test 135, loss: 1.469756, test acc: 0.916532, test avg acc: 0.882831
Train 136, loss: 1.401049, train acc: 0.968089, train avg acc: 0.951382
Test 136, loss: 1.476703, test acc: 0.905592, test avg acc: 0.888058
Train 137, loss: 1.399739, train acc: 0.970325, train avg acc: 0.954471
Test 137, loss: 1.465598, test acc: 0.922204, test avg acc: 0.880035
Train 138, loss: 1.401487, train acc: 0.969614, train avg acc: 0.955373
Test 138, loss: 1.458011, test acc: 0.922609, test avg acc: 0.879669
Train 139, loss: 1.395497, train acc: 0.972967, train avg acc: 0.959650
Test 139, loss: 1.489779, test acc: 0.912075, test avg acc: 0.881209
Train 140, loss: 1.393784, train acc: 0.972459, train avg acc: 0.957430
Test 140, loss: 1.494455, test acc: 0.920583, test avg acc: 0.893948
Train 141, loss: 1.389865, train acc: 0.972764, train avg acc: 0.958977
Test 141, loss: 1.457942, test acc: 0.918152, test avg acc: 0.883907
Train 142, loss: 1.394014, train acc: 0.971240, train avg acc: 0.956908
Test 142, loss: 1.465361, test acc: 0.916126, test avg acc: 0.879052
Train 143, loss: 1.393837, train acc: 0.970630, train avg acc: 0.956686
Test 143, loss: 1.461622, test acc: 0.916126, test avg acc: 0.884430
Train 144, loss: 1.390680, train acc: 0.973577, train avg acc: 0.961591
Test 144, loss: 1.482541, test acc: 0.909643, test avg acc: 0.875250
Train 145, loss: 1.381649, train acc: 0.976321, train avg acc: 0.962746
Test 145, loss: 1.453203, test acc: 0.923825, test avg acc: 0.885116
Train 146, loss: 1.386088, train acc: 0.973476, train avg acc: 0.958674
Test 146, loss: 1.448867, test acc: 0.925851, test avg acc: 0.888047
Train 147, loss: 1.379766, train acc: 0.978354, train avg acc: 0.967005
Test 147, loss: 1.466690, test acc: 0.912480, test avg acc: 0.877343
Train 148, loss: 1.383546, train acc: 0.976829, train avg acc: 0.965089
Test 148, loss: 1.457774, test acc: 0.920178, test avg acc: 0.885797
Train 149, loss: 1.383209, train acc: 0.976829, train avg acc: 0.964279
Test 149, loss: 1.448276, test acc: 0.922609, test avg acc: 0.892076
Train 150, loss: 1.379962, train acc: 0.977541, train avg acc: 0.967685
Test 150, loss: 1.433609, test acc: 0.929498, test avg acc: 0.892494
Train 151, loss: 1.373414, train acc: 0.980285, train avg acc: 0.972806
Test 151, loss: 1.461055, test acc: 0.919368, test avg acc: 0.891006
Train 152, loss: 1.377008, train acc: 0.979370, train avg acc: 0.968778
Test 152, loss: 1.450329, test acc: 0.921799, test avg acc: 0.883744
Train 153, loss: 1.375856, train acc: 0.977846, train avg acc: 0.966510
Test 153, loss: 1.449037, test acc: 0.919773, test avg acc: 0.886744
Train 154, loss: 1.371019, train acc: 0.982012, train avg acc: 0.973715
Test 154, loss: 1.469321, test acc: 0.922204, test avg acc: 0.890134
Train 155, loss: 1.369460, train acc: 0.982012, train avg acc: 0.973170
Test 155, loss: 1.463311, test acc: 0.910049, test avg acc: 0.882285
Train 156, loss: 1.368580, train acc: 0.981809, train avg acc: 0.973382
Test 156, loss: 1.459001, test acc: 0.916937, test avg acc: 0.886174
Train 157, loss: 1.365855, train acc: 0.983028, train avg acc: 0.975393
Test 157, loss: 1.487258, test acc: 0.912075, test avg acc: 0.893192
Train 158, loss: 1.363097, train acc: 0.983841, train avg acc: 0.974910
Test 158, loss: 1.445448, test acc: 0.921394, test avg acc: 0.891081
Train 159, loss: 1.361361, train acc: 0.984654, train avg acc: 0.975729
Test 159, loss: 1.456583, test acc: 0.914911, test avg acc: 0.881372
Train 160, loss: 1.361256, train acc: 0.984553, train avg acc: 0.976628
Test 160, loss: 1.455961, test acc: 0.916126, test avg acc: 0.887122
Train 161, loss: 1.362821, train acc: 0.984451, train avg acc: 0.977915
Test 161, loss: 1.447219, test acc: 0.929092, test avg acc: 0.894401
Train 162, loss: 1.358582, train acc: 0.984146, train avg acc: 0.975684
Test 162, loss: 1.447844, test acc: 0.923420, test avg acc: 0.887913
Train 163, loss: 1.360429, train acc: 0.985163, train avg acc: 0.977929
Test 163, loss: 1.450725, test acc: 0.920989, test avg acc: 0.893250
Train 164, loss: 1.359991, train acc: 0.985366, train avg acc: 0.977906
Test 164, loss: 1.451956, test acc: 0.918152, test avg acc: 0.891703
Train 165, loss: 1.356456, train acc: 0.986484, train avg acc: 0.978525
Test 165, loss: 1.453877, test acc: 0.918963, test avg acc: 0.888215
Train 166, loss: 1.355912, train acc: 0.984654, train avg acc: 0.976842
Test 166, loss: 1.432298, test acc: 0.926661, test avg acc: 0.889198
Train 167, loss: 1.356007, train acc: 0.984756, train avg acc: 0.978266
Test 167, loss: 1.442750, test acc: 0.925851, test avg acc: 0.892169
Train 168, loss: 1.355597, train acc: 0.986585, train avg acc: 0.979429
Test 168, loss: 1.442965, test acc: 0.925041, test avg acc: 0.897628
Train 169, loss: 1.352005, train acc: 0.987398, train avg acc: 0.980798
Test 169, loss: 1.438286, test acc: 0.930713, test avg acc: 0.895576
Train 170, loss: 1.352531, train acc: 0.986077, train avg acc: 0.980440
Test 170, loss: 1.458184, test acc: 0.915316, test avg acc: 0.892297
Train 171, loss: 1.347073, train acc: 0.988415, train avg acc: 0.982519
Test 171, loss: 1.448983, test acc: 0.917342, test avg acc: 0.883244
Train 172, loss: 1.345025, train acc: 0.988720, train avg acc: 0.983019
Test 172, loss: 1.443925, test acc: 0.927066, test avg acc: 0.895163
Train 173, loss: 1.346177, train acc: 0.988313, train avg acc: 0.981708
Test 173, loss: 1.435988, test acc: 0.928282, test avg acc: 0.894913
Train 174, loss: 1.343154, train acc: 0.989837, train avg acc: 0.984344
Test 174, loss: 1.442308, test acc: 0.923825, test avg acc: 0.896285
Train 175, loss: 1.341061, train acc: 0.990041, train avg acc: 0.985009
Test 175, loss: 1.429938, test acc: 0.933144, test avg acc: 0.902116
Train 176, loss: 1.340476, train acc: 0.988516, train avg acc: 0.983534
Test 176, loss: 1.443219, test acc: 0.930713, test avg acc: 0.899291
Train 177, loss: 1.342455, train acc: 0.989126, train avg acc: 0.983217
Test 177, loss: 1.432540, test acc: 0.923420, test avg acc: 0.886494
Train 178, loss: 1.338269, train acc: 0.991260, train avg acc: 0.986772
Test 178, loss: 1.444708, test acc: 0.924230, test avg acc: 0.898203
Train 179, loss: 1.338099, train acc: 0.990854, train avg acc: 0.985236
Test 179, loss: 1.458250, test acc: 0.920583, test avg acc: 0.896791
Train 180, loss: 1.337762, train acc: 0.990955, train avg acc: 0.987390
Test 180, loss: 1.454141, test acc: 0.914911, test avg acc: 0.895738
Train 181, loss: 1.336733, train acc: 0.990650, train avg acc: 0.987108
Test 181, loss: 1.442115, test acc: 0.923420, test avg acc: 0.894907
Train 182, loss: 1.337676, train acc: 0.991260, train avg acc: 0.986908
Test 182, loss: 1.439461, test acc: 0.923015, test avg acc: 0.889785
Train 183, loss: 1.332015, train acc: 0.993089, train avg acc: 0.989810
Test 183, loss: 1.438132, test acc: 0.927066, test avg acc: 0.900913
Train 184, loss: 1.334279, train acc: 0.991768, train avg acc: 0.986803
Test 184, loss: 1.435697, test acc: 0.921799, test avg acc: 0.886331
Train 185, loss: 1.332972, train acc: 0.992683, train avg acc: 0.988346
Test 185, loss: 1.437411, test acc: 0.925041, test avg acc: 0.899157
Train 186, loss: 1.328879, train acc: 0.994207, train avg acc: 0.990787
Test 186, loss: 1.433931, test acc: 0.924230, test avg acc: 0.893122
Train 187, loss: 1.329358, train acc: 0.993801, train avg acc: 0.990571
Test 187, loss: 1.433696, test acc: 0.931524, test avg acc: 0.898157
Train 188, loss: 1.327425, train acc: 0.994715, train avg acc: 0.991249
Test 188, loss: 1.431581, test acc: 0.929092, test avg acc: 0.905576
Train 189, loss: 1.324927, train acc: 0.995122, train avg acc: 0.992394
Test 189, loss: 1.439765, test acc: 0.927472, test avg acc: 0.902535
Train 190, loss: 1.325133, train acc: 0.994715, train avg acc: 0.991562
Test 190, loss: 1.440075, test acc: 0.923825, test avg acc: 0.902628
Train 191, loss: 1.323209, train acc: 0.996240, train avg acc: 0.994386
Test 191, loss: 1.424992, test acc: 0.932334, test avg acc: 0.906291
Train 192, loss: 1.322291, train acc: 0.994715, train avg acc: 0.991783
Test 192, loss: 1.443830, test acc: 0.924230, test avg acc: 0.898453
Train 193, loss: 1.323675, train acc: 0.995528, train avg acc: 0.993225
Test 193, loss: 1.441127, test acc: 0.926661, test avg acc: 0.904076
Train 194, loss: 1.323589, train acc: 0.995427, train avg acc: 0.992810
Test 194, loss: 1.438600, test acc: 0.925041, test avg acc: 0.897622
Train 195, loss: 1.320060, train acc: 0.996748, train avg acc: 0.995018
Test 195, loss: 1.428061, test acc: 0.930308, test avg acc: 0.897116
Train 196, loss: 1.319032, train acc: 0.996748, train avg acc: 0.994541
Test 196, loss: 1.437999, test acc: 0.928282, test avg acc: 0.906157
Train 197, loss: 1.322807, train acc: 0.995020, train avg acc: 0.992556
Test 197, loss: 1.426928, test acc: 0.931524, test avg acc: 0.897831
Train 198, loss: 1.318200, train acc: 0.996443, train avg acc: 0.994121
Test 198, loss: 1.432118, test acc: 0.931524, test avg acc: 0.907076
Train 199, loss: 1.317623, train acc: 0.996545, train avg acc: 0.994741
Test 199, loss: 1.433699, test acc: 0.926661, test avg acc: 0.900750
Train 200, loss: 1.317860, train acc: 0.996037, train avg acc: 0.994133
Test 200, loss: 1.432705, test acc: 0.929092, test avg acc: 0.896122
Train 201, loss: 1.318076, train acc: 0.996646, train avg acc: 0.995242
Test 201, loss: 1.430179, test acc: 0.930308, test avg acc: 0.900326
Train 202, loss: 1.315148, train acc: 0.997459, train avg acc: 0.995943
Test 202, loss: 1.425915, test acc: 0.931524, test avg acc: 0.901076
Train 203, loss: 1.314399, train acc: 0.997358, train avg acc: 0.995737
Test 203, loss: 1.426855, test acc: 0.929092, test avg acc: 0.895291
Train 204, loss: 1.314215, train acc: 0.997459, train avg acc: 0.995974
Test 204, loss: 1.429007, test acc: 0.932334, test avg acc: 0.898453
Train 205, loss: 1.315296, train acc: 0.996951, train avg acc: 0.994934
Test 205, loss: 1.425844, test acc: 0.929092, test avg acc: 0.896535
Train 206, loss: 1.313258, train acc: 0.997053, train avg acc: 0.995502
Test 206, loss: 1.431005, test acc: 0.928687, test avg acc: 0.903116
Train 207, loss: 1.314217, train acc: 0.996951, train avg acc: 0.995015
Test 207, loss: 1.432368, test acc: 0.931118, test avg acc: 0.905616
Train 208, loss: 1.312313, train acc: 0.997459, train avg acc: 0.996100
Test 208, loss: 1.427355, test acc: 0.933144, test avg acc: 0.901948
Train 209, loss: 1.313925, train acc: 0.997561, train avg acc: 0.996346
Test 209, loss: 1.431850, test acc: 0.930713, test avg acc: 0.904366
Train 210, loss: 1.312817, train acc: 0.998069, train avg acc: 0.997202
Test 210, loss: 1.428545, test acc: 0.931524, test avg acc: 0.904320
Train 211, loss: 1.310841, train acc: 0.997561, train avg acc: 0.995600
Test 211, loss: 1.429522, test acc: 0.930713, test avg acc: 0.905366
Train 212, loss: 1.310363, train acc: 0.997866, train avg acc: 0.997292
Test 212, loss: 1.424186, test acc: 0.930713, test avg acc: 0.896494
Train 213, loss: 1.311323, train acc: 0.997663, train avg acc: 0.996346
Test 213, loss: 1.434764, test acc: 0.923825, test avg acc: 0.891953
Train 214, loss: 1.309215, train acc: 0.997358, train avg acc: 0.996107
Test 214, loss: 1.429494, test acc: 0.930713, test avg acc: 0.902576
Train 215, loss: 1.309362, train acc: 0.998476, train avg acc: 0.997492
Test 215, loss: 1.430445, test acc: 0.929903, test avg acc: 0.901198
Train 216, loss: 1.308851, train acc: 0.997663, train avg acc: 0.996217
Test 216, loss: 1.429355, test acc: 0.930713, test avg acc: 0.905616
Train 217, loss: 1.307788, train acc: 0.998171, train avg acc: 0.997165
Test 217, loss: 1.427513, test acc: 0.931524, test avg acc: 0.905157
Train 218, loss: 1.308172, train acc: 0.998882, train avg acc: 0.998580
Test 218, loss: 1.424293, test acc: 0.931929, test avg acc: 0.897366
Train 219, loss: 1.308678, train acc: 0.998171, train avg acc: 0.996888
Test 219, loss: 1.431474, test acc: 0.926661, test avg acc: 0.900907
Train 220, loss: 1.305987, train acc: 0.998577, train avg acc: 0.997999
Test 220, loss: 1.424042, test acc: 0.929498, test avg acc: 0.899535
Train 221, loss: 1.305339, train acc: 0.998679, train avg acc: 0.997598
Test 221, loss: 1.428354, test acc: 0.929903, test avg acc: 0.901698
Train 222, loss: 1.306606, train acc: 0.998882, train avg acc: 0.998041
Test 222, loss: 1.429977, test acc: 0.929498, test avg acc: 0.904826
Train 223, loss: 1.307108, train acc: 0.998171, train avg acc: 0.997489
Test 223, loss: 1.426059, test acc: 0.931929, test avg acc: 0.905366
Train 224, loss: 1.306015, train acc: 0.998679, train avg acc: 0.997741
Test 224, loss: 1.423632, test acc: 0.931524, test avg acc: 0.903907
Train 225, loss: 1.305962, train acc: 0.997967, train avg acc: 0.996905
Test 225, loss: 1.426131, test acc: 0.930713, test avg acc: 0.905576
Train 226, loss: 1.305164, train acc: 0.998577, train avg acc: 0.998129
Test 226, loss: 1.425811, test acc: 0.930308, test avg acc: 0.905994
Train 227, loss: 1.307297, train acc: 0.998374, train avg acc: 0.997216
Test 227, loss: 1.428592, test acc: 0.932334, test avg acc: 0.909779
Train 228, loss: 1.305312, train acc: 0.998577, train avg acc: 0.998137
Test 228, loss: 1.430808, test acc: 0.927472, test avg acc: 0.901535
Train 229, loss: 1.305626, train acc: 0.998577, train avg acc: 0.997421
Test 229, loss: 1.424216, test acc: 0.933144, test avg acc: 0.908157
Train 230, loss: 1.303827, train acc: 0.998882, train avg acc: 0.997991
Test 230, loss: 1.425962, test acc: 0.931524, test avg acc: 0.903116
Train 231, loss: 1.304626, train acc: 0.999390, train avg acc: 0.999195
Test 231, loss: 1.427167, test acc: 0.933955, test avg acc: 0.909698
Train 232, loss: 1.305975, train acc: 0.998476, train avg acc: 0.998036
Test 232, loss: 1.428082, test acc: 0.932334, test avg acc: 0.907326
Train 233, loss: 1.304018, train acc: 0.999289, train avg acc: 0.998828
Test 233, loss: 1.426002, test acc: 0.931118, test avg acc: 0.904785
Train 234, loss: 1.304444, train acc: 0.998780, train avg acc: 0.998204
Test 234, loss: 1.429583, test acc: 0.932739, test avg acc: 0.910866
Train 235, loss: 1.303772, train acc: 0.998984, train avg acc: 0.998574
Test 235, loss: 1.428256, test acc: 0.930308, test avg acc: 0.906076
Train 236, loss: 1.302533, train acc: 0.998984, train avg acc: 0.998960
Test 236, loss: 1.427503, test acc: 0.931524, test avg acc: 0.908035
Train 237, loss: 1.305277, train acc: 0.998171, train avg acc: 0.997175
Test 237, loss: 1.425149, test acc: 0.930308, test avg acc: 0.907326
Train 238, loss: 1.303633, train acc: 0.999289, train avg acc: 0.998743
Test 238, loss: 1.427728, test acc: 0.929092, test avg acc: 0.902407
Train 239, loss: 1.302710, train acc: 0.998882, train avg acc: 0.998133
Test 239, loss: 1.430281, test acc: 0.931118, test avg acc: 0.905826
Train 240, loss: 1.303038, train acc: 0.998882, train avg acc: 0.998088
Test 240, loss: 1.427946, test acc: 0.931524, test avg acc: 0.903116
Train 241, loss: 1.303102, train acc: 0.999187, train avg acc: 0.999073
Test 241, loss: 1.423623, test acc: 0.930713, test avg acc: 0.906366
Train 242, loss: 1.302437, train acc: 0.999289, train avg acc: 0.999212
Test 242, loss: 1.424444, test acc: 0.932334, test avg acc: 0.907616
Train 243, loss: 1.303908, train acc: 0.998780, train avg acc: 0.997683
Test 243, loss: 1.426205, test acc: 0.934765, test avg acc: 0.908279
Train 244, loss: 1.303183, train acc: 0.999695, train avg acc: 0.999766
Test 244, loss: 1.426176, test acc: 0.929092, test avg acc: 0.901326
Train 245, loss: 1.301464, train acc: 0.999187, train avg acc: 0.998663
Test 245, loss: 1.428917, test acc: 0.928687, test avg acc: 0.908285
Train 246, loss: 1.302048, train acc: 0.999187, train avg acc: 0.998474
Test 246, loss: 1.427663, test acc: 0.933549, test avg acc: 0.908198
Train 247, loss: 1.302485, train acc: 0.999187, train avg acc: 0.998768
Test 247, loss: 1.425944, test acc: 0.933144, test avg acc: 0.908198
Train 248, loss: 1.302199, train acc: 0.999492, train avg acc: 0.999400
Test 248, loss: 1.428184, test acc: 0.927877, test avg acc: 0.903535
Train 249, loss: 1.302824, train acc: 0.998679, train avg acc: 0.997917
Test 249, loss: 1.427310, test acc: 0.930713, test avg acc: 0.905698
